<?xml version="1.0" encoding="UTF-8"?>
<!-- Generated by org.testng.reporters.JUnitXMLReporter -->
<testsuite ignored="2" hostname="Azariass-MacBook-Pro.local" failures="0" tests="3" name="user get post put delete testing" time="6.881" errors="0" timestamp="05 Aug 2020 17:08:33 GMT">
  <testcase classname="com.gorest.api.UserApi.GetApi" name="testStatusCode" time="3.356"/>
  <testcase classname="com.gorest.api.UserApi.GetApi" name="testResponseData" time="2.044"/>
  <testcase classname="com.gorest.api.UserApi.PostUserAPI" name="testValidUpdateRequest" time="1.453"/>
  <testcase classname="com.gorest.api.UserApi.GetApi" name="testGender" time="0.0">
    <ignored/>
  </testcase> <!-- testGender -->
  <testcase classname="com.gorest.api.UserApi.PostUserAPI" name="testValidRequestBody" time="0.0">
    <ignored/>
  </testcase> <!-- testValidRequestBody -->
</testsuite> <!-- user get post put delete testing -->
