<?xml version="1.0" encoding="UTF-8"?>
<testng-results ignored="2" total="5" passed="3" failed="0" skipped="0">
  <reporter-output>
  </reporter-output>
  <suite started-at="2020-08-05T17:08:26Z" name="user api testing" finished-at="2020-08-05T17:08:33Z" duration-ms="6881">
    <groups>
    </groups>
    <test started-at="2020-08-05T17:08:26Z" name="user get post put delete testing" finished-at="2020-08-05T17:08:33Z" duration-ms="6881">
      <class name="com.gorest.api.UserApi.GetApi">
        <test-method is-config="true" signature="testSetUp()[pri:0, instance:com.gorest.api.UserApi.GetApi@4135c3b]" started-at="2020-08-05T17:08:26Z" name="testSetUp" finished-at="2020-08-05T17:08:26Z" duration-ms="9" status="PASS">
          <reporter-output>
          </reporter-output>
        </test-method> <!-- testSetUp -->
        <test-method signature="testStatusCode()[pri:1, instance:com.gorest.api.UserApi.GetApi@4135c3b]" started-at="2020-08-05T17:08:26Z" name="testStatusCode" finished-at="2020-08-05T17:08:29Z" duration-ms="3356" status="PASS">
          <reporter-output>
          </reporter-output>
        </test-method> <!-- testStatusCode -->
        <test-method signature="testResponseData()[pri:2, instance:com.gorest.api.UserApi.GetApi@4135c3b]" started-at="2020-08-05T17:08:29Z" name="testResponseData" finished-at="2020-08-05T17:08:31Z" duration-ms="2044" status="PASS">
          <reporter-output>
          </reporter-output>
        </test-method> <!-- testResponseData -->
      </class> <!-- com.gorest.api.UserApi.GetApi -->
      <class name="com.gorest.api.UserApi.PostUserAPI">
        <test-method signature="testValidUpdateRequest()[pri:2, instance:com.gorest.api.UserApi.PostUserAPI@6302bbb1]" started-at="2020-08-05T17:08:31Z" name="testValidUpdateRequest" finished-at="2020-08-05T17:08:33Z" duration-ms="1453" status="PASS">
          <reporter-output>
          </reporter-output>
        </test-method> <!-- testValidUpdateRequest -->
      </class> <!-- com.gorest.api.UserApi.PostUserAPI -->
    </test> <!-- user get post put delete testing -->
  </suite> <!-- user api testing -->
</testng-results>
