<?xml version="1.0" encoding="UTF-8"?>
<testsuite xmlns:xsi="http://www.w3.org/2001/XMLSchema-instance" xsi:noNamespaceSchemaLocation="https://maven.apache.org/surefire/maven-surefire-plugin/xsd/surefire-test-report.xsd" name="TestSuite" time="7.355" tests="3" errors="0" skipped="0" failures="0">
  <properties>
[...]
</properties>
  <testcase name="testStatusCode" classname="com.gorest.api.UserApi.GetApi" time="3.357"/>
  <testcase name="testResponseData" classname="com.gorest.api.UserApi.GetApi" time="2.044"/>
  <testcase name="testValidUpdateRequest" classname="com.gorest.api.UserApi.PostUserAPI" time="1.463"/>
</testsuite>